0 info it worked if it ends with ok
1 verbose cli [ 'C:\\Program Files\\nodejs\\node.exe',
1 verbose cli   'C:\\Program Files\\nodejs\\node_modules\\npm\\bin\\npm-cli.js',
1 verbose cli   'run',
1 verbose cli   'webpack',
1 verbose cli   '--',
1 verbose cli   '-v' ]
2 info using npm@3.10.9
3 info using node@v6.9.2
4 verbose run-script [ 'prewebpack', 'webpack', 'postwebpack' ]
5 info lifecycle webpack2@1.0.0~prewebpack: webpack2@1.0.0
6 silly lifecycle webpack2@1.0.0~prewebpack: no script for prewebpack, continuing
7 info lifecycle webpack2@1.0.0~webpack: webpack2@1.0.0
8 verbose lifecycle webpack2@1.0.0~webpack: unsafe-perm in lifecycle true
9 verbose lifecycle webpack2@1.0.0~webpack: PATH: C:\Program Files\nodejs\node_modules\npm\bin\node-gyp-bin;C:\Users\Karine B S Silva\myprojects\school-of-net\webpack2\node_modules\.bin;C:\Users\Karine B S Silva\bin;C:\Program Files\Git\mingw64\bin;C:\Program Files\Git\usr\local\bin;C:\Program Files\Git\usr\bin;C:\Program Files\Git\usr\bin;C:\Program Files\Git\mingw64\bin;C:\Program Files\Git\usr\bin;C:\Users\Karine B S Silva\bin;C:\ProgramData\Oracle\Java\javapath;C:\Program Files (x86)\Intel\iCLS Client;C:\Program Files\Intel\iCLS Client;C:\Windows\system32;C:\Windows;C:\Windows\System32\Wbem;C:\Windows\System32\WindowsPowerShell\v1.0;C:\Program Files\Intel\Intel(R) Management Engine Components\DAL;C:\Program Files\Intel\Intel(R) Management Engine Components\IPT;C:\Program Files (x86)\Intel\Intel(R) Management Engine Components\DAL;C:\Program Files (x86)\Intel\Intel(R) Management Engine Components\IPT;C:\Program Files\Acer\Remote Files;C:\Program Files\Java\jdk1.8.0_25\bin;C:\Program Files\Java\jre1.8.0_25\bin;C:\PHP;C:\ProgramData\ComposerSetup\bin;C:\Program Files\Git\cmd;C:\sqlite;C:\Users\Karine B S Silva\phantomjs-2.1.1-windows\bin;C:\Users\Karine B S Silva\AppData\Roaming\Composer\vendor\laravel\installer;C:\Ruby22-x64\bin;C:\Program Files\MySQL\MySQL Server 5.7\bin;C:\HashiCorp\Vagrant\bin;C:\mongodb\bin;C:\Rethink;C:\Users\Karine B S Silva\AppData\Roaming\Composer\vendor\bin;C:\RailsInstaller\DevKit\bin;C:\apache-ant-1.9.7\bin;%ANDROID_HOME%\tools;%ANDROID_HOME%\platform-tools;C:\Program Files\nodejs;C:\RailsInstaller\Git\cmd;C:\RailsInstaller\Ruby2.2.0\bin;C:\Users\Karine B S Silva\Anaconda2;C:\Users\Karine B S Silva\Anaconda2\Scripts;C:\Users\Karine B S Silva\Anaconda2\Library\bin;C:\TDM-GCC-64\bin;C:\Program Files\Docker Toolbox;C:\sqlite;C:\Users\Karine B S Silva\AppData\Roaming\npm;C:\Program Files\Git\usr\bin\vendor_perl;C:\Program Files\Git\usr\bin\core_perl
10 verbose lifecycle webpack2@1.0.0~webpack: CWD: C:\Users\Karine B S Silva\myprojects\school-of-net\webpack2
11 silly lifecycle webpack2@1.0.0~webpack: Args: [ '/d /s /c', './node_modules/webpack/bin/webpack.js "-v"' ]
12 silly lifecycle webpack2@1.0.0~webpack: Returned: code: 1  signal: null
13 info lifecycle webpack2@1.0.0~webpack: Failed to exec webpack script
14 verbose stack Error: webpack2@1.0.0 webpack: `./node_modules/webpack/bin/webpack.js "-v"`
14 verbose stack Exit status 1
14 verbose stack     at EventEmitter.<anonymous> (C:\Program Files\nodejs\node_modules\npm\lib\utils\lifecycle.js:255:16)
14 verbose stack     at emitTwo (events.js:106:13)
14 verbose stack     at EventEmitter.emit (events.js:191:7)
14 verbose stack     at ChildProcess.<anonymous> (C:\Program Files\nodejs\node_modules\npm\lib\utils\spawn.js:40:14)
14 verbose stack     at emitTwo (events.js:106:13)
14 verbose stack     at ChildProcess.emit (events.js:191:7)
14 verbose stack     at maybeClose (internal/child_process.js:877:16)
14 verbose stack     at Process.ChildProcess._handle.onexit (internal/child_process.js:226:5)
15 verbose pkgid webpack2@1.0.0
16 verbose cwd C:\Users\Karine B S Silva\myprojects\school-of-net\webpack2
17 error Windows_NT 6.3.9600
18 error argv "C:\\Program Files\\nodejs\\node.exe" "C:\\Program Files\\nodejs\\node_modules\\npm\\bin\\npm-cli.js" "run" "webpack" "--" "-v"
19 error node v6.9.2
20 error npm  v3.10.9
21 error code ELIFECYCLE
22 error webpack2@1.0.0 webpack: `./node_modules/webpack/bin/webpack.js "-v"`
22 error Exit status 1
23 error Failed at the webpack2@1.0.0 webpack script './node_modules/webpack/bin/webpack.js "-v"'.
23 error Make sure you have the latest version of node.js and npm installed.
23 error If you do, this is most likely a problem with the webpack2 package,
23 error not with npm itself.
23 error Tell the author that this fails on your system:
23 error     ./node_modules/webpack/bin/webpack.js "-v"
23 error You can get information on how to open an issue for this project with:
23 error     npm bugs webpack2
23 error Or if that isn't available, you can get their info via:
23 error     npm owner ls webpack2
23 error There is likely additional logging output above.
24 verbose exit [ 1, true ]
